<?xml version="1.0" encoding="utf-8"?><testsuites name="pytest tests"><testsuite name="pytest" errors="0" failures="0" skipped="0" tests="13" time="3.002" timestamp="2026-08-15T10:17:30.036711+00:00" hostname="agent-env-786f7f86-739b-4d23-a006-62478f8b1512"><testcase classname="tests.test_iteration2.TestAdminAuth" name="test_admin_me_is_admin" time="0.451" /><testcase classname="tests.test_iteration2.TestAdminAuth" name="test_non_admin_me_not_admin" time="0.454" /><testcase classname="tests.test_iteration2.TestAdminSettings" name="test_get_settings_admin" time="0.094" /><testcase classname="tests.test_iteration2.TestAdminSettings" name="test_get_settings_forbidden_for_non_admin" time="0.096" /><testcase classname="tests.test_iteration2.TestAdminSettings" name="test_put_settings_forbidden_for_non_admin" time="0.111" /><testcase classname="tests.test_iteration2.TestAdminSettings" name="test_put_settings_updates_persist_and_public_config" time="0.482" /><testcase classname="tests.test_iteration2.TestPublicConfig" name="test_public_config_no_auth" time="0.096" /><testcase classname="tests.test_iteration2.TestImports" name="test_manual_import_creates_approved" time="0.191" /><testcase classname="tests.test_iteration2.TestImports" name="test_google_import_without_key_returns_400" time="0.101" /><testcase classname="tests.test_iteration2.TestSubmitStillWorks" name="test_submit_ok_no_recaptcha" time="0.528" /><testcase classname="tests.test_iteration2.TestWallEndpoint" name="test_wall" time="0.102" /><testcase classname="tests.test_iteration2.TestRegression" name="test_overview" time="0.099" /><testcase classname="tests.test_iteration2.TestRegression" name="test_analytics" time="0.122" /></testsuite></testsuites>