<?xml version="1.0" encoding="utf-8"?><testsuites name="pytest tests"><testsuite name="pytest" errors="0" failures="0" skipped="0" tests="9" time="4.860" timestamp="2026-08-15T11:09:37.067429+00:00" hostname="agent-env-786f7f86-739b-4d23-a006-62478f8b1512"><testcase classname="tests.test_iteration5" name="test_members_list_as_admin" time="0.558" /><testcase classname="tests.test_iteration5" name="test_invite_new_email_pending" time="0.495" /><testcase classname="tests.test_iteration5" name="test_invite_existing_user_added" time="0.662" /><testcase classname="tests.test_iteration5" name="test_free_plan_invite_402_and_domain_402" time="0.527" /><testcase classname="tests.test_iteration5" name="test_auto_accept_invite_on_register" time="0.669" /><testcase classname="tests.test_iteration5" name="test_workspace_switch_and_scoped_data" time="0.612" /><testcase classname="tests.test_iteration5" name="test_member_cannot_remove_owner" time="0.385" /><testcase classname="tests.test_iteration5" name="test_custom_domain_flow" time="0.425" /><testcase classname="tests.test_iteration5" name="test_regression_public_submit_and_dashboard" time="0.198" /></testsuite></testsuites>