<?xml version="1.0" encoding="utf-8"?><testsuites name="pytest tests"><testsuite name="pytest" errors="0" failures="0" skipped="0" tests="8" time="4.570" timestamp="2026-08-15T10:51:44.510886+00:00" hostname="agent-env-786f7f86-739b-4d23-a006-62478f8b1512"><testcase classname="tests.test_iteration4.TestPlansAnnual" name="test_plans_have_monthly_and_yearly" time="0.241" /><testcase classname="tests.test_iteration4.TestYearlyCheckout" name="test_pro_yearly_checkout" time="1.511" /><testcase classname="tests.test_iteration4.TestYearlyCheckout" name="test_pro_monthly_checkout_regression" time="0.815" /><testcase classname="tests.test_iteration4.TestYearlyCheckout" name="test_business_yearly_checkout" time="0.718" /><testcase classname="tests.test_iteration4.TestBillingPortal" name="test_portal_no_subscription_returns_400" time="0.101" /><testcase classname="tests.test_iteration4.TestBillingPortal" name="test_portal_admin_seeded_pro_no_customer_returns_400" time="0.445" /><testcase classname="tests.test_iteration4.TestBillingPortal" name="test_portal_requires_auth" time="0.124" /><testcase classname="tests.test_iteration4.TestFreeLimitsRegression" name="test_second_collection_blocked_for_fresh_free_user" time="0.555" /></testsuite></testsuites>