<?xml version="1.0" encoding="utf-8"?><testsuites name="pytest tests"><testsuite name="pytest" errors="0" failures="0" skipped="0" tests="14" time="4.356" timestamp="2026-08-15T10:36:13.502413+00:00" hostname="agent-env-786f7f86-739b-4d23-a006-62478f8b1512"><testcase classname="tests.test_iteration3.TestPlans" name="test_plans_shape" time="0.128" /><testcase classname="tests.test_iteration3.TestPaymentsCheckout" name="test_checkout_returns_url_and_persists" time="1.303" /><testcase classname="tests.test_iteration3.TestPaymentsCheckout" name="test_checkout_invalid_lookup_key" time="0.095" /><testcase classname="tests.test_iteration3.TestPaymentsCheckout" name="test_checkout_requires_auth" time="0.093" /><testcase classname="tests.test_iteration3.TestPaymentsCheckout" name="test_status_endpoint_public" time="0.198" /><testcase classname="tests.test_iteration3.TestPaymentsCheckout" name="test_status_not_found" time="0.095" /><testcase classname="tests.test_iteration3.TestFreePlanLimits" name="test_second_collection_blocked" time="0.099" /><testcase classname="tests.test_iteration3.TestFreePlanLimits" name="test_second_widget_blocked" time="0.186" /><testcase classname="tests.test_iteration3.TestProUnlimited" name="test_admin_can_create_multiple_collections" time="0.705" /><testcase classname="tests.test_iteration3.TestProUnlimited" name="test_admin_can_create_multiple_widgets" time="0.483" /><testcase classname="tests.test_iteration3.TestBrandingFlag" name="test_free_workspace_widget_branding_true" time="0.206" /><testcase classname="tests.test_iteration3.TestBrandingFlag" name="test_pro_workspace_widget_branding_false" time="0.191" /><testcase classname="tests.test_iteration3.TestRegression" name="test_public_submit_demo" time="0.425" /><testcase classname="tests.test_iteration3.TestRegression" name="test_public_wall_branding_flag" time="0.097" /></testsuite></testsuites>