<?xml version="1.0" encoding="utf-8"?><testsuites name="pytest tests"><testsuite name="pytest" errors="0" failures="0" skipped="0" tests="26" time="5.555" timestamp="2026-08-15T09:45:27.455888+00:00" hostname="agent-env-786f7f86-739b-4d23-a006-62478f8b1512"><testcase classname="tests.backend_test.TestPublicCollection" name="test_public_collection_and_views" time="0.495" /><testcase classname="tests.backend_test.TestAuth" name="test_register_new_user_not_onboarded" time="0.595" /><testcase classname="tests.backend_test.TestPublicCollection" name="test_public_collection_404" time="0.149" /><testcase classname="tests.backend_test.TestPublicCollection" name="test_submit_consent_false_rejected" time="0.273" /><testcase classname="tests.backend_test.TestAuth" name="test_admin_login_and_me_onboarded" time="0.420" /><testcase classname="tests.backend_test.TestPublicCollection" name="test_submit_empty_text_no_video_rejected" time="0.145" /><testcase classname="tests.backend_test.TestAuth" name="test_forgot_password_ok_any_email" time="0.188" /><testcase classname="tests.backend_test.TestPublicCollection" name="test_submit_honeypot_rejected" time="0.098" /><testcase classname="tests.backend_test.TestPublicCollection" name="test_submit_success" time="0.102" /><testcase classname="tests.backend_test.TestAuth" name="test_reset_password_invalid_token" time="0.107" /><testcase classname="tests.backend_test.TestCollections" name="test_list_collections" time="0.295" /><testcase classname="tests.backend_test.TestWorkspace" name="test_get_workspace" time="0.438" /><testcase classname="tests.backend_test.TestCollections" name="test_create_get_update_delete" time="0.741" /><testcase classname="tests.backend_test.TestWorkspace" name="test_update_workspace" time="0.295" /><testcase classname="tests.backend_test.TestTestimonials" name="test_list_and_filters" time="0.389" /><testcase classname="tests.backend_test.TestCollections" name="test_cross_workspace_access_404" time="0.469" /><testcase classname="tests.backend_test.TestTestimonials" name="test_full_testimonial_lifecycle" time="1.253" /><testcase classname="tests.backend_test.TestUpload" name="test_upload_image_and_fetch" time="0.652" /><testcase classname="tests.backend_test.TestUpload" name="test_upload_unsupported_type" time="0.096" /><testcase classname="tests.backend_test.TestAnalytics" name="test_analytics" time="0.162" /><testcase classname="tests.backend_test.TestPublicWidget" name="test_public_widget_only_approved" time="0.242" /><testcase classname="tests.backend_test.TestAnalytics" name="test_overview" time="0.100" /><testcase classname="tests.backend_test.TestOnboarding" name="test_onboarding_marks_user" time="0.197" /><testcase classname="tests.backend_test.TestPublicWidget" name="test_widget_js" time="0.093" /><testcase classname="tests.backend_test.TestWidgets" name="test_widget_crud" time="0.569" /><testcase classname="tests.backend_test.TestE2EPropagation" name="test_submit_approve_widget_edit" time="0.941" /></testsuite></testsuites>